2023-10-10 11:14:33,255 [INFO] Activator:176 - 


2023-10-10 11:14:33,270 [INFO] Activator:177 - !SESSION log4j initialized
2023-10-10 11:14:39,133 [INFO] LogOutputStream:77 - [STDOUT_REDIRECT] 
2023-10-10 11:15:01,287 [ERROR] LogOutputStream:75 - [STDERR_REDIRECT] SLF4J: Failed to load class "org.slf4j.impl.StaticLoggerBinder".
2023-10-10 11:15:01,287 [ERROR] LogOutputStream:75 - [STDERR_REDIRECT] SLF4J: Defaulting to no-operation (NOP) logger implementation
2023-10-10 11:15:01,287 [ERROR] LogOutputStream:75 - [STDERR_REDIRECT] SLF4J: See http://www.slf4j.org/codes.html#StaticLoggerBinder for further details.
2023-10-10 11:16:00,139 [INFO] Activator:176 - 


2023-10-10 11:16:00,139 [INFO] Activator:177 - !SESSION log4j initialized
2023-10-10 11:16:05,399 [INFO] LogOutputStream:77 - [STDOUT_REDIRECT] 
2023-10-10 12:11:12,737 [INFO] Activator:176 - 


2023-10-10 12:11:12,737 [INFO] Activator:177 - !SESSION log4j initialized
2023-10-10 12:11:24,199 [INFO] LogOutputStream:77 - [STDOUT_REDIRECT] 
2023-10-10 12:11:26,622 [ERROR] ConfigurationRetriever:142 - IOException on connection: No subject alternative DNS name matching sw-center.st.com found.
2023-10-10 12:11:26,638 [ERROR] ConfigurationRetriever:142 - IOException on connection: No subject alternative DNS name matching sw-center.st.com found.
2023-10-10 12:11:26,667 [ERROR] ConfigurationRetriever:142 - IOException on connection: No subject alternative DNS name matching sw-center.st.com found.
2023-10-10 12:11:47,989 [ERROR] LogOutputStream:75 - [STDERR_REDIRECT] SLF4J: Failed to load class "org.slf4j.impl.StaticLoggerBinder".
2023-10-10 12:11:47,989 [ERROR] LogOutputStream:75 - [STDERR_REDIRECT] SLF4J: Defaulting to no-operation (NOP) logger implementation
2023-10-10 12:11:47,989 [ERROR] LogOutputStream:75 - [STDERR_REDIRECT] SLF4J: See http://www.slf4j.org/codes.html#StaticLoggerBinder for further details.
2023-10-10 12:53:41,904 [ERROR] ConfigurationRetriever:142 - IOException on connection: Read timed out
2023-10-10 12:53:43,920 [ERROR] ConfigurationRetriever:142 - IOException on connection: connect timed out
2023-10-10 15:00:00,052 [INFO] Activator:176 - 


2023-10-10 15:00:00,054 [INFO] Activator:177 - !SESSION log4j initialized
2023-10-10 15:00:04,552 [INFO] LogOutputStream:77 - [STDOUT_REDIRECT] 
2023-10-10 15:00:26,569 [ERROR] LogOutputStream:75 - [STDERR_REDIRECT] SLF4J: Failed to load class "org.slf4j.impl.StaticLoggerBinder".
2023-10-10 15:00:26,570 [ERROR] LogOutputStream:75 - [STDERR_REDIRECT] SLF4J: Defaulting to no-operation (NOP) logger implementation
2023-10-10 15:00:26,571 [ERROR] LogOutputStream:75 - [STDERR_REDIRECT] SLF4J: See http://www.slf4j.org/codes.html#StaticLoggerBinder for further details.
2023-10-10 15:25:20,049 [INFO] Activator:176 - 


2023-10-10 15:25:20,051 [INFO] Activator:177 - !SESSION log4j initialized
2023-10-10 15:25:24,454 [INFO] LogOutputStream:77 - [STDOUT_REDIRECT] 
2023-10-10 15:25:45,741 [ERROR] LogOutputStream:75 - [STDERR_REDIRECT] SLF4J: Failed to load class "org.slf4j.impl.StaticLoggerBinder".
2023-10-10 15:25:45,741 [ERROR] LogOutputStream:75 - [STDERR_REDIRECT] SLF4J: Defaulting to no-operation (NOP) logger implementation
2023-10-10 15:25:45,742 [ERROR] LogOutputStream:75 - [STDERR_REDIRECT] SLF4J: See http://www.slf4j.org/codes.html#StaticLoggerBinder for further details.
2023-10-10 15:27:56,779 [INFO] Activator:176 - 


2023-10-10 15:27:56,781 [INFO] Activator:177 - !SESSION log4j initialized
2023-10-10 15:28:00,970 [INFO] LogOutputStream:77 - [STDOUT_REDIRECT] 
2023-10-10 15:28:21,917 [ERROR] LogOutputStream:75 - [STDERR_REDIRECT] SLF4J: Failed to load class "org.slf4j.impl.StaticLoggerBinder".
2023-10-10 15:28:21,917 [ERROR] LogOutputStream:75 - [STDERR_REDIRECT] SLF4J: Defaulting to no-operation (NOP) logger implementation
2023-10-10 15:28:21,918 [ERROR] LogOutputStream:75 - [STDERR_REDIRECT] SLF4J: See http://www.slf4j.org/codes.html#StaticLoggerBinder for further details.
2023-10-10 23:23:58,919 [INFO] Activator:176 - 


2023-10-10 23:23:58,920 [INFO] Activator:177 - !SESSION log4j initialized
2023-10-10 23:24:03,989 [INFO] LogOutputStream:77 - [STDOUT_REDIRECT] 
2023-10-10 23:24:28,195 [ERROR] LogOutputStream:75 - [STDERR_REDIRECT] SLF4J: Failed to load class "org.slf4j.impl.StaticLoggerBinder".
2023-10-10 23:24:28,196 [ERROR] LogOutputStream:75 - [STDERR_REDIRECT] SLF4J: Defaulting to no-operation (NOP) logger implementation
2023-10-10 23:24:28,196 [ERROR] LogOutputStream:75 - [STDERR_REDIRECT] SLF4J: See http://www.slf4j.org/codes.html#StaticLoggerBinder for further details.
